Wed Feb 12 2014 20:56:21 GMT+0000 (UTC):
{ [Error]
  stack: [Getter/Setter],
  code: undefined,
  statusCode: 307,
  __frame: 
   { name: '__4',
     line: 173,
     file: '/usr/local/lib/node_modules/azure-cli/lib/commands/service._js',
     prev: undefined,
     active: false,
     offset: 17,
     col: 8 },
  rawStack: [Getter] }
Error
    at Function.ServiceClient._normalizeError (/usr/local/lib/node_modules/azure-cli/node_modules/azure/lib/services/core/serviceclient.js:783:23)
    at /usr/local/lib/node_modules/azure-cli/node_modules/azure/lib/services/core/filters/errorhandlingfilter.js:43:29
    at Request._callback (/usr/local/lib/node_modules/azure-cli/node_modules/azure/lib/http/request-pipeline.js:108:14)
    at Request.self.callback (/usr/local/lib/node_modules/azure-cli/node_modules/azure/node_modules/request/request.js:129:22)
    at Request.EventEmitter.emit (events.js:98:17)
    at Request.<anonymous> (/usr/local/lib/node_modules/azure-cli/node_modules/azure/node_modules/request/request.js:873:14)
    at Request.EventEmitter.emit (events.js:117:20)
    at IncomingMessage.<anonymous> (/usr/local/lib/node_modules/azure-cli/node_modules/azure/node_modules/request/request.js:824:12)
    at IncomingMessage.EventEmitter.emit (events.js:117:20)
    at _stream_readable.js:920:16
    at __4 (/usr/local/lib/node_modules/azure-cli/lib/commands/service._js:190:8)

